{"C:\\Users\\Ellen\\Documents\\ATU Sligo\\Year4\\Prj400\\Project400API\\middleware\\authMiddleware.js": {"path":"C:\\Users\\Ellen\\Documents\\ATU Sligo\\Year4\\Prj400\\Project400API\\middleware\\authMiddleware.js","statementMap":{"0":{"start":{"line":1,"column":12},"end":{"line":1,"column":35}},"1":{"start":{"line":3,"column":26},"end":{"line":11,"column":1}},"2":{"start":{"line":4,"column":18},"end":{"line":4,"column":60}},"3":{"start":{"line":5,"column":4},"end":{"line":5,"column":43}},"4":{"start":{"line":5,"column":16},"end":{"line":5,"column":43}},"5":{"start":{"line":6,"column":4},"end":{"line":10,"column":7}},"6":{"start":{"line":7,"column":8},"end":{"line":7,"column":44}},"7":{"start":{"line":7,"column":17},"end":{"line":7,"column":44}},"8":{"start":{"line":8,"column":8},"end":{"line":8,"column":24}},"9":{"start":{"line":9,"column":8},"end":{"line":9,"column":15}},"10":{"start":{"line":13,"column":0},"end":{"line":13,"column":35}}},"fnMap":{"0":{"name":"(anonymous_0)","decl":{"start":{"line":3,"column":26},"end":{"line":3,"column":27}},"loc":{"start":{"line":3,"column":46},"end":{"line":11,"column":1}},"line":3},"1":{"name":"(anonymous_1)","decl":{"start":{"line":6,"column":46},"end":{"line":6,"column":47}},"loc":{"start":{"line":6,"column":61},"end":{"line":10,"column":5}},"line":6}},"branchMap":{"0":{"loc":{"start":{"line":5,"column":4},"end":{"line":5,"column":43}},"type":"if","locations":[{"start":{"line":5,"column":4},"end":{"line":5,"column":43}},{"start":{},"end":{}}],"line":5},"1":{"loc":{"start":{"line":7,"column":8},"end":{"line":7,"column":44}},"type":"if","locations":[{"start":{"line":7,"column":8},"end":{"line":7,"column":44}},{"start":{},"end":{}}],"line":7}},"s":{"0":4,"1":4,"2":6,"3":6,"4":4,"5":2,"6":2,"7":1,"8":1,"9":1,"10":4},"f":{"0":6,"1":2},"b":{"0":[4,2],"1":[1,1]},"_coverageSchema":"1a1c01bbd47fc00a2c39e90264f33305004495a9","hash":"fa9dc498fab523d0b942d3db628b59d708b98e61"}
,"C:\\Users\\Ellen\\Documents\\ATU Sligo\\Year4\\Prj400\\Project400API\\models\\Action.js": {"path":"C:\\Users\\Ellen\\Documents\\ATU Sligo\\Year4\\Prj400\\Project400API\\models\\Action.js","statementMap":{"0":{"start":{"line":1,"column":17},"end":{"line":1,"column":36}},"1":{"start":{"line":3,"column":21},"end":{"line":10,"column":2}},"2":{"start":{"line":12,"column":0},"end":{"line":12,"column":56}}},"fnMap":{},"branchMap":{},"s":{"0":2,"1":2,"2":2},"f":{},"b":{},"_coverageSchema":"1a1c01bbd47fc00a2c39e90264f33305004495a9","hash":"55cf17cb6d43ac278275378c1ee02d8ea8a0ac57"}
,"C:\\Users\\Ellen\\Documents\\ATU Sligo\\Year4\\Prj400\\Project400API\\models\\Therapist.js": {"path":"C:\\Users\\Ellen\\Documents\\ATU Sligo\\Year4\\Prj400\\Project400API\\models\\Therapist.js","statementMap":{"0":{"start":{"line":1,"column":17},"end":{"line":1,"column":36}},"1":{"start":{"line":3,"column":24},"end":{"line":7,"column":2}},"2":{"start":{"line":9,"column":0},"end":{"line":9,"column":62}}},"fnMap":{},"branchMap":{},"s":{"0":3,"1":3,"2":3},"f":{},"b":{},"_coverageSchema":"1a1c01bbd47fc00a2c39e90264f33305004495a9","hash":"759e3cf3cc6ab6b6778ebe64ba4360e4ad371938"}
,"C:\\Users\\Ellen\\Documents\\ATU Sligo\\Year4\\Prj400\\Project400API\\models\\User.js": {"path":"C:\\Users\\Ellen\\Documents\\ATU Sligo\\Year4\\Prj400\\Project400API\\models\\User.js","statementMap":{"0":{"start":{"line":1,"column":17},"end":{"line":1,"column":36}},"1":{"start":{"line":3,"column":26},"end":{"line":6,"column":2}},"2":{"start":{"line":8,"column":19},"end":{"line":13,"column":2}},"3":{"start":{"line":12,"column":61},"end":{"line":12,"column":63}},"4":{"start":{"line":15,"column":0},"end":{"line":15,"column":52}}},"fnMap":{"0":{"name":"(anonymous_0)","decl":{"start":{"line":12,"column":54},"end":{"line":12,"column":55}},"loc":{"start":{"line":12,"column":61},"end":{"line":12,"column":63}},"line":12}},"branchMap":{},"s":{"0":3,"1":3,"2":3,"3":6,"4":3},"f":{"0":6},"b":{},"_coverageSchema":"1a1c01bbd47fc00a2c39e90264f33305004495a9","hash":"475331bc580e54ce3fb0f7ac665341a8c935d9ac"}
,"C:\\Users\\Ellen\\Documents\\ATU Sligo\\Year4\\Prj400\\Project400API\\models\\validation.js": {"path":"C:\\Users\\Ellen\\Documents\\ATU Sligo\\Year4\\Prj400\\Project400API\\models\\validation.js","statementMap":{"0":{"start":{"line":1,"column":12},"end":{"line":1,"column":26}},"1":{"start":{"line":4,"column":31},"end":{"line":10,"column":2}},"2":{"start":{"line":5,"column":38},"end":{"line":5,"column":48}},"3":{"start":{"line":13,"column":36},"end":{"line":16,"column":2}},"4":{"start":{"line":19,"column":30},"end":{"line":22,"column":2}},"5":{"start":{"line":25,"column":33},"end":{"line":29,"column":2}},"6":{"start":{"line":31,"column":0},"end":{"line":36,"column":2}},"7":{"start":{"line":32,"column":28},"end":{"line":32,"column":65}},"8":{"start":{"line":33,"column":27},"end":{"line":33,"column":63}},"9":{"start":{"line":34,"column":33},"end":{"line":34,"column":75}},"10":{"start":{"line":35,"column":30},"end":{"line":35,"column":69}}},"fnMap":{"0":{"name":"(anonymous_0)","decl":{"start":{"line":5,"column":32},"end":{"line":5,"column":33}},"loc":{"start":{"line":5,"column":38},"end":{"line":5,"column":48}},"line":5},"1":{"name":"(anonymous_1)","decl":{"start":{"line":32,"column":18},"end":{"line":32,"column":19}},"loc":{"start":{"line":32,"column":28},"end":{"line":32,"column":65}},"line":32},"2":{"name":"(anonymous_2)","decl":{"start":{"line":33,"column":17},"end":{"line":33,"column":18}},"loc":{"start":{"line":33,"column":27},"end":{"line":33,"column":63}},"line":33},"3":{"name":"(anonymous_3)","decl":{"start":{"line":34,"column":23},"end":{"line":34,"column":24}},"loc":{"start":{"line":34,"column":33},"end":{"line":34,"column":75}},"line":34},"4":{"name":"(anonymous_4)","decl":{"start":{"line":35,"column":20},"end":{"line":35,"column":21}},"loc":{"start":{"line":35,"column":30},"end":{"line":35,"column":69}},"line":35}},"branchMap":{},"s":{"0":4,"1":4,"2":3,"3":4,"4":4,"5":4,"6":4,"7":12,"8":6,"9":11,"10":6},"f":{"0":3,"1":12,"2":6,"3":11,"4":6},"b":{},"_coverageSchema":"1a1c01bbd47fc00a2c39e90264f33305004495a9","hash":"219a06a4831a60e5858f27070d3593cc99e1babf"}
,"C:\\Users\\Ellen\\Documents\\ATU Sligo\\Year4\\Prj400\\Project400API\\routes\\authRoutes.js": {"path":"C:\\Users\\Ellen\\Documents\\ATU Sligo\\Year4\\Prj400\\Project400API\\routes\\authRoutes.js","statementMap":{"0":{"start":{"line":1,"column":16},"end":{"line":1,"column":34}},"1":{"start":{"line":2,"column":15},"end":{"line":2,"column":32}},"2":{"start":{"line":3,"column":12},"end":{"line":3,"column":35}},"3":{"start":{"line":4,"column":15},"end":{"line":4,"column":31}},"4":{"start":{"line":5,"column":13},"end":{"line":5,"column":38}},"5":{"start":{"line":6,"column":18},"end":{"line":6,"column":48}},"6":{"start":{"line":7,"column":44},"end":{"line":7,"column":78}},"7":{"start":{"line":11,"column":0},"end":{"line":39,"column":3}},"8":{"start":{"line":12,"column":4},"end":{"line":38,"column":5}},"9":{"start":{"line":14,"column":26},"end":{"line":14,"column":52}},"10":{"start":{"line":15,"column":8},"end":{"line":17,"column":9}},"11":{"start":{"line":16,"column":12},"end":{"line":16,"column":79}},"12":{"start":{"line":20,"column":31},"end":{"line":20,"column":71}},"13":{"start":{"line":23,"column":26},"end":{"line":27,"column":10}},"14":{"start":{"line":30,"column":8},"end":{"line":30,"column":31}},"15":{"start":{"line":31,"column":8},"end":{"line":31,"column":80}},"16":{"start":{"line":34,"column":8},"end":{"line":36,"column":9}},"17":{"start":{"line":35,"column":12},"end":{"line":35,"column":89}},"18":{"start":{"line":37,"column":8},"end":{"line":37,"column":55}},"19":{"start":{"line":42,"column":0},"end":{"line":59,"column":3}},"20":{"start":{"line":44,"column":22},"end":{"line":44,"column":45}},"21":{"start":{"line":45,"column":4},"end":{"line":47,"column":5}},"22":{"start":{"line":46,"column":8},"end":{"line":46,"column":75}},"23":{"start":{"line":48,"column":35},"end":{"line":48,"column":43}},"24":{"start":{"line":49,"column":4},"end":{"line":58,"column":5}},"25":{"start":{"line":50,"column":21},"end":{"line":50,"column":58}},"26":{"start":{"line":51,"column":8},"end":{"line":53,"column":9}},"27":{"start":{"line":52,"column":12},"end":{"line":52,"column":76}},"28":{"start":{"line":54,"column":22},"end":{"line":54,"column":93}},"29":{"start":{"line":55,"column":8},"end":{"line":55,"column":28}},"30":{"start":{"line":57,"column":8},"end":{"line":57,"column":53}},"31":{"start":{"line":62,"column":0},"end":{"line":79,"column":3}},"32":{"start":{"line":64,"column":22},"end":{"line":64,"column":45}},"33":{"start":{"line":65,"column":4},"end":{"line":67,"column":5}},"34":{"start":{"line":66,"column":8},"end":{"line":66,"column":75}},"35":{"start":{"line":68,"column":35},"end":{"line":68,"column":43}},"36":{"start":{"line":69,"column":4},"end":{"line":78,"column":5}},"37":{"start":{"line":70,"column":21},"end":{"line":70,"column":53}},"38":{"start":{"line":71,"column":8},"end":{"line":73,"column":9}},"39":{"start":{"line":72,"column":12},"end":{"line":72,"column":76}},"40":{"start":{"line":74,"column":22},"end":{"line":74,"column":93}},"41":{"start":{"line":75,"column":8},"end":{"line":75,"column":28}},"42":{"start":{"line":77,"column":8},"end":{"line":77,"column":53}},"43":{"start":{"line":81,"column":0},"end":{"line":81,"column":24}}},"fnMap":{"0":{"name":"(anonymous_0)","decl":{"start":{"line":11,"column":35},"end":{"line":11,"column":36}},"loc":{"start":{"line":11,"column":55},"end":{"line":39,"column":1}},"line":11},"1":{"name":"(anonymous_1)","decl":{"start":{"line":42,"column":32},"end":{"line":42,"column":33}},"loc":{"start":{"line":42,"column":52},"end":{"line":59,"column":1}},"line":42},"2":{"name":"(anonymous_2)","decl":{"start":{"line":62,"column":27},"end":{"line":62,"column":28}},"loc":{"start":{"line":62,"column":47},"end":{"line":79,"column":1}},"line":62}},"branchMap":{"0":{"loc":{"start":{"line":15,"column":8},"end":{"line":17,"column":9}},"type":"if","locations":[{"start":{"line":15,"column":8},"end":{"line":17,"column":9}},{"start":{},"end":{}}],"line":15},"1":{"loc":{"start":{"line":34,"column":8},"end":{"line":36,"column":9}},"type":"if","locations":[{"start":{"line":34,"column":8},"end":{"line":36,"column":9}},{"start":{},"end":{}}],"line":34},"2":{"loc":{"start":{"line":45,"column":4},"end":{"line":47,"column":5}},"type":"if","locations":[{"start":{"line":45,"column":4},"end":{"line":47,"column":5}},{"start":{},"end":{}}],"line":45},"3":{"loc":{"start":{"line":51,"column":8},"end":{"line":53,"column":9}},"type":"if","locations":[{"start":{"line":51,"column":8},"end":{"line":53,"column":9}},{"start":{},"end":{}}],"line":51},"4":{"loc":{"start":{"line":51,"column":12},"end":{"line":51,"column":69}},"type":"binary-expr","locations":[{"start":{"line":51,"column":12},"end":{"line":51,"column":17}},{"start":{"line":51,"column":21},"end":{"line":51,"column":69}}],"line":51},"5":{"loc":{"start":{"line":65,"column":4},"end":{"line":67,"column":5}},"type":"if","locations":[{"start":{"line":65,"column":4},"end":{"line":67,"column":5}},{"start":{},"end":{}}],"line":65},"6":{"loc":{"start":{"line":71,"column":8},"end":{"line":73,"column":9}},"type":"if","locations":[{"start":{"line":71,"column":8},"end":{"line":73,"column":9}},{"start":{},"end":{}}],"line":71},"7":{"loc":{"start":{"line":71,"column":12},"end":{"line":71,"column":69}},"type":"binary-expr","locations":[{"start":{"line":71,"column":12},"end":{"line":71,"column":17}},{"start":{"line":71,"column":21},"end":{"line":71,"column":69}}],"line":71}},"s":{"0":1,"1":1,"2":1,"3":1,"4":1,"5":1,"6":1,"7":1,"8":5,"9":5,"10":5,"11":1,"12":4,"13":3,"14":3,"15":1,"16":3,"17":1,"18":2,"19":1,"20":11,"21":11,"22":5,"23":6,"24":6,"25":6,"26":5,"27":2,"28":2,"29":1,"30":3,"31":1,"32":7,"33":7,"34":2,"35":5,"36":5,"37":5,"38":4,"39":1,"40":2,"41":1,"42":3,"43":1},"f":{"0":5,"1":11,"2":7},"b":{"0":[1,4],"1":[1,2],"2":[5,6],"3":[2,2],"4":[5,4],"5":[2,5],"6":[1,2],"7":[4,3]},"_coverageSchema":"1a1c01bbd47fc00a2c39e90264f33305004495a9","hash":"bc15fb4ed915bf35a4cb1f84234f560fbc41c76d"}
,"C:\\Users\\Ellen\\Documents\\ATU Sligo\\Year4\\Prj400\\Project400API\\routes\\dataRoutes.js": {"path":"C:\\Users\\Ellen\\Documents\\ATU Sligo\\Year4\\Prj400\\Project400API\\routes\\dataRoutes.js","statementMap":{"0":{"start":{"line":1,"column":16},"end":{"line":1,"column":34}},"1":{"start":{"line":2,"column":15},"end":{"line":2,"column":31}},"2":{"start":{"line":3,"column":26},"end":{"line":3,"column":65}},"3":{"start":{"line":4,"column":15},"end":{"line":4,"column":42}},"4":{"start":{"line":5,"column":27},"end":{"line":5,"column":58}},"5":{"start":{"line":6,"column":18},"end":{"line":6,"column":42}},"6":{"start":{"line":9,"column":0},"end":{"line":34,"column":3}},"7":{"start":{"line":10,"column":20},"end":{"line":10,"column":44}},"8":{"start":{"line":11,"column":2},"end":{"line":13,"column":3}},"9":{"start":{"line":12,"column":4},"end":{"line":12,"column":71}},"10":{"start":{"line":15,"column":62},"end":{"line":15,"column":70}},"11":{"start":{"line":16,"column":17},"end":{"line":16,"column":28}},"12":{"start":{"line":18,"column":2},"end":{"line":33,"column":3}},"13":{"start":{"line":19,"column":22},"end":{"line":26,"column":6}},"14":{"start":{"line":28,"column":24},"end":{"line":28,"column":46}},"15":{"start":{"line":29,"column":4},"end":{"line":29,"column":86}},"16":{"start":{"line":31,"column":4},"end":{"line":31,"column":23}},"17":{"start":{"line":32,"column":4},"end":{"line":32,"column":81}},"18":{"start":{"line":37,"column":0},"end":{"line":49,"column":3}},"19":{"start":{"line":38,"column":2},"end":{"line":48,"column":3}},"20":{"start":{"line":39,"column":23},"end":{"line":39,"column":33}},"21":{"start":{"line":42,"column":20},"end":{"line":42,"column":73}},"22":{"start":{"line":44,"column":4},"end":{"line":44,"column":44}},"23":{"start":{"line":46,"column":4},"end":{"line":46,"column":23}},"24":{"start":{"line":47,"column":4},"end":{"line":47,"column":84}},"25":{"start":{"line":52,"column":0},"end":{"line":61,"column":3}},"26":{"start":{"line":53,"column":2},"end":{"line":60,"column":3}},"27":{"start":{"line":54,"column":19},"end":{"line":54,"column":30}},"28":{"start":{"line":55,"column":20},"end":{"line":55,"column":49}},"29":{"start":{"line":56,"column":4},"end":{"line":56,"column":44}},"30":{"start":{"line":58,"column":4},"end":{"line":58,"column":23}},"31":{"start":{"line":59,"column":4},"end":{"line":59,"column":84}},"32":{"start":{"line":63,"column":0},"end":{"line":88,"column":3}},"33":{"start":{"line":64,"column":21},"end":{"line":64,"column":31}},"34":{"start":{"line":67,"column":17},"end":{"line":67,"column":65}},"35":{"start":{"line":69,"column":19},"end":{"line":69,"column":21}},"36":{"start":{"line":71,"column":2},"end":{"line":73,"column":5}},"37":{"start":{"line":72,"column":4},"end":{"line":72,"column":34}},"38":{"start":{"line":75,"column":2},"end":{"line":77,"column":5}},"39":{"start":{"line":76,"column":4},"end":{"line":76,"column":43}},"40":{"start":{"line":79,"column":4},"end":{"line":87,"column":7}},"41":{"start":{"line":80,"column":8},"end":{"line":86,"column":9}},"42":{"start":{"line":81,"column":31},"end":{"line":81,"column":60}},"43":{"start":{"line":82,"column":12},"end":{"line":82,"column":45}},"44":{"start":{"line":84,"column":12},"end":{"line":84,"column":65}},"45":{"start":{"line":85,"column":12},"end":{"line":85,"column":70}},"46":{"start":{"line":90,"column":0},"end":{"line":90,"column":24}}},"fnMap":{"0":{"name":"(anonymous_0)","decl":{"start":{"line":9,"column":47},"end":{"line":9,"column":48}},"loc":{"start":{"line":9,"column":67},"end":{"line":34,"column":1}},"line":9},"1":{"name":"(anonymous_1)","decl":{"start":{"line":37,"column":35},"end":{"line":37,"column":36}},"loc":{"start":{"line":37,"column":55},"end":{"line":49,"column":1}},"line":37},"2":{"name":"(anonymous_2)","decl":{"start":{"line":52,"column":46},"end":{"line":52,"column":47}},"loc":{"start":{"line":52,"column":66},"end":{"line":61,"column":1}},"line":52},"3":{"name":"(anonymous_3)","decl":{"start":{"line":63,"column":30},"end":{"line":63,"column":31}},"loc":{"start":{"line":63,"column":50},"end":{"line":88,"column":1}},"line":63},"4":{"name":"(anonymous_4)","decl":{"start":{"line":71,"column":27},"end":{"line":71,"column":28}},"loc":{"start":{"line":71,"column":37},"end":{"line":73,"column":3}},"line":71},"5":{"name":"(anonymous_5)","decl":{"start":{"line":75,"column":27},"end":{"line":75,"column":28}},"loc":{"start":{"line":75,"column":37},"end":{"line":77,"column":3}},"line":75},"6":{"name":"(anonymous_6)","decl":{"start":{"line":79,"column":23},"end":{"line":79,"column":24}},"loc":{"start":{"line":79,"column":33},"end":{"line":87,"column":5}},"line":79}},"branchMap":{"0":{"loc":{"start":{"line":11,"column":2},"end":{"line":13,"column":3}},"type":"if","locations":[{"start":{"line":11,"column":2},"end":{"line":13,"column":3}},{"start":{},"end":{}}],"line":11}},"s":{"0":1,"1":1,"2":1,"3":1,"4":1,"5":1,"6":1,"7":3,"8":3,"9":1,"10":2,"11":2,"12":2,"13":2,"14":2,"15":1,"16":1,"17":1,"18":1,"19":3,"20":3,"21":3,"22":2,"23":1,"24":1,"25":1,"26":2,"27":2,"28":2,"29":1,"30":1,"31":1,"32":1,"33":3,"34":3,"35":3,"36":3,"37":3,"38":3,"39":1,"40":3,"41":3,"42":3,"43":1,"44":2,"45":2,"46":1},"f":{"0":3,"1":3,"2":2,"3":3,"4":3,"5":1,"6":3},"b":{"0":[1,2]},"_coverageSchema":"1a1c01bbd47fc00a2c39e90264f33305004495a9","hash":"4c4a7a7a4a9bf76a073745c94700d8a1619d70df"}
,"C:\\Users\\Ellen\\Documents\\ATU Sligo\\Year4\\Prj400\\Project400API\\routes\\therapistRoutes.js": {"path":"C:\\Users\\Ellen\\Documents\\ATU Sligo\\Year4\\Prj400\\Project400API\\routes\\therapistRoutes.js","statementMap":{"0":{"start":{"line":1,"column":16},"end":{"line":1,"column":34}},"1":{"start":{"line":2,"column":15},"end":{"line":2,"column":31}},"2":{"start":{"line":3,"column":26},"end":{"line":3,"column":65}},"3":{"start":{"line":4,"column":18},"end":{"line":4,"column":48}},"4":{"start":{"line":7,"column":0},"end":{"line":17,"column":3}},"5":{"start":{"line":8,"column":4},"end":{"line":16,"column":5}},"6":{"start":{"line":9,"column":21},"end":{"line":9,"column":78}},"7":{"start":{"line":10,"column":8},"end":{"line":12,"column":9}},"8":{"start":{"line":11,"column":12},"end":{"line":11,"column":76}},"9":{"start":{"line":13,"column":8},"end":{"line":13,"column":23}},"10":{"start":{"line":15,"column":8},"end":{"line":15,"column":53}},"11":{"start":{"line":19,"column":0},"end":{"line":19,"column":24}}},"fnMap":{"0":{"name":"(anonymous_0)","decl":{"start":{"line":7,"column":44},"end":{"line":7,"column":45}},"loc":{"start":{"line":7,"column":64},"end":{"line":17,"column":1}},"line":7}},"branchMap":{"0":{"loc":{"start":{"line":10,"column":8},"end":{"line":12,"column":9}},"type":"if","locations":[{"start":{"line":10,"column":8},"end":{"line":12,"column":9}},{"start":{},"end":{}}],"line":10}},"s":{"0":1,"1":1,"2":1,"3":1,"4":1,"5":4,"6":4,"7":3,"8":1,"9":2,"10":1,"11":1},"f":{"0":4},"b":{"0":[1,2]},"_coverageSchema":"1a1c01bbd47fc00a2c39e90264f33305004495a9","hash":"fecd66024e6d742e007851b31c43fb6ef69ac0c7"}
,"C:\\Users\\Ellen\\Documents\\ATU Sligo\\Year4\\Prj400\\Project400API\\routes\\userRoutes.js": {"path":"C:\\Users\\Ellen\\Documents\\ATU Sligo\\Year4\\Prj400\\Project400API\\routes\\userRoutes.js","statementMap":{"0":{"start":{"line":1,"column":16},"end":{"line":1,"column":34}},"1":{"start":{"line":2,"column":15},"end":{"line":2,"column":31}},"2":{"start":{"line":3,"column":26},"end":{"line":3,"column":65}},"3":{"start":{"line":4,"column":13},"end":{"line":4,"column":38}},"4":{"start":{"line":5,"column":15},"end":{"line":5,"column":32}},"5":{"start":{"line":6,"column":30},"end":{"line":6,"column":61}},"6":{"start":{"line":9,"column":0},"end":{"line":17,"column":3}},"7":{"start":{"line":10,"column":4},"end":{"line":16,"column":5}},"8":{"start":{"line":11,"column":32},"end":{"line":11,"column":42}},"9":{"start":{"line":12,"column":22},"end":{"line":12,"column":74}},"10":{"start":{"line":13,"column":8},"end":{"line":13,"column":24}},"11":{"start":{"line":15,"column":8},"end":{"line":15,"column":53}},"12":{"start":{"line":20,"column":0},"end":{"line":30,"column":3}},"13":{"start":{"line":21,"column":4},"end":{"line":29,"column":5}},"14":{"start":{"line":22,"column":21},"end":{"line":22,"column":73}},"15":{"start":{"line":23,"column":8},"end":{"line":25,"column":9}},"16":{"start":{"line":24,"column":12},"end":{"line":24,"column":71}},"17":{"start":{"line":26,"column":8},"end":{"line":26,"column":23}},"18":{"start":{"line":28,"column":8},"end":{"line":28,"column":53}},"19":{"start":{"line":33,"column":0},"end":{"line":43,"column":3}},"20":{"start":{"line":34,"column":4},"end":{"line":42,"column":5}},"21":{"start":{"line":35,"column":21},"end":{"line":35,"column":53}},"22":{"start":{"line":36,"column":8},"end":{"line":38,"column":9}},"23":{"start":{"line":37,"column":12},"end":{"line":37,"column":71}},"24":{"start":{"line":39,"column":8},"end":{"line":39,"column":35}},"25":{"start":{"line":41,"column":8},"end":{"line":41,"column":53}},"26":{"start":{"line":46,"column":0},"end":{"line":64,"column":3}},"27":{"start":{"line":47,"column":22},"end":{"line":47,"column":63}},"28":{"start":{"line":48,"column":4},"end":{"line":50,"column":5}},"29":{"start":{"line":49,"column":6},"end":{"line":49,"column":73}},"30":{"start":{"line":51,"column":4},"end":{"line":63,"column":5}},"31":{"start":{"line":52,"column":21},"end":{"line":56,"column":9}},"32":{"start":{"line":57,"column":8},"end":{"line":59,"column":9}},"33":{"start":{"line":58,"column":12},"end":{"line":58,"column":71}},"34":{"start":{"line":60,"column":8},"end":{"line":60,"column":35}},"35":{"start":{"line":62,"column":8},"end":{"line":62,"column":53}},"36":{"start":{"line":67,"column":0},"end":{"line":77,"column":3}},"37":{"start":{"line":68,"column":53},"end":{"line":68,"column":61}},"38":{"start":{"line":69,"column":4},"end":{"line":76,"column":5}},"39":{"start":{"line":70,"column":31},"end":{"line":70,"column":62}},"40":{"start":{"line":71,"column":21},"end":{"line":71,"column":105}},"41":{"start":{"line":72,"column":8},"end":{"line":72,"column":26}},"42":{"start":{"line":73,"column":8},"end":{"line":73,"column":75}},"43":{"start":{"line":75,"column":8},"end":{"line":75,"column":53}},"44":{"start":{"line":79,"column":0},"end":{"line":79,"column":24}}},"fnMap":{"0":{"name":"(anonymous_0)","decl":{"start":{"line":9,"column":34},"end":{"line":9,"column":35}},"loc":{"start":{"line":9,"column":54},"end":{"line":17,"column":1}},"line":9},"1":{"name":"(anonymous_1)","decl":{"start":{"line":20,"column":39},"end":{"line":20,"column":40}},"loc":{"start":{"line":20,"column":59},"end":{"line":30,"column":1}},"line":20},"2":{"name":"(anonymous_2)","decl":{"start":{"line":33,"column":46},"end":{"line":33,"column":47}},"loc":{"start":{"line":33,"column":66},"end":{"line":43,"column":1}},"line":33},"3":{"name":"(anonymous_3)","decl":{"start":{"line":46,"column":46},"end":{"line":46,"column":47}},"loc":{"start":{"line":46,"column":66},"end":{"line":64,"column":1}},"line":46},"4":{"name":"(anonymous_4)","decl":{"start":{"line":67,"column":30},"end":{"line":67,"column":31}},"loc":{"start":{"line":67,"column":50},"end":{"line":77,"column":1}},"line":67}},"branchMap":{"0":{"loc":{"start":{"line":23,"column":8},"end":{"line":25,"column":9}},"type":"if","locations":[{"start":{"line":23,"column":8},"end":{"line":25,"column":9}},{"start":{},"end":{}}],"line":23},"1":{"loc":{"start":{"line":36,"column":8},"end":{"line":38,"column":9}},"type":"if","locations":[{"start":{"line":36,"column":8},"end":{"line":38,"column":9}},{"start":{},"end":{}}],"line":36},"2":{"loc":{"start":{"line":48,"column":4},"end":{"line":50,"column":5}},"type":"if","locations":[{"start":{"line":48,"column":4},"end":{"line":50,"column":5}},{"start":{},"end":{}}],"line":48},"3":{"loc":{"start":{"line":57,"column":8},"end":{"line":59,"column":9}},"type":"if","locations":[{"start":{"line":57,"column":8},"end":{"line":59,"column":9}},{"start":{},"end":{}}],"line":57}},"s":{"0":1,"1":1,"2":1,"3":1,"4":1,"5":1,"6":1,"7":3,"8":3,"9":3,"10":2,"11":1,"12":1,"13":3,"14":3,"15":2,"16":1,"17":1,"18":1,"19":1,"20":3,"21":3,"22":2,"23":1,"24":1,"25":1,"26":1,"27":4,"28":4,"29":1,"30":3,"31":3,"32":2,"33":1,"34":1,"35":1,"36":1,"37":3,"38":3,"39":3,"40":2,"41":2,"42":1,"43":2,"44":1},"f":{"0":3,"1":3,"2":3,"3":4,"4":3},"b":{"0":[1,1],"1":[1,1],"2":[1,3],"3":[1,1]},"_coverageSchema":"1a1c01bbd47fc00a2c39e90264f33305004495a9","hash":"7cd525d18eb62b25452a41d92d6c6ccacc1566b6"}
}
