TN:
SF:middleware\authMiddleware.js
FN:3,(anonymous_0)
FN:6,(anonymous_1)
FNF:2
FNH:2
FNDA:6,(anonymous_0)
FNDA:2,(anonymous_1)
DA:1,4
DA:3,4
DA:4,6
DA:5,6
DA:6,2
DA:7,2
DA:8,1
DA:9,1
DA:13,4
LF:9
LH:9
BRDA:5,0,0,4
BRDA:5,0,1,2
BRDA:7,1,0,1
BRDA:7,1,1,1
BRF:4
BRH:4
end_of_record
TN:
SF:models\Action.js
FNF:0
FNH:0
DA:1,2
DA:3,2
DA:12,2
LF:3
LH:3
BRF:0
BRH:0
end_of_record
TN:
SF:models\Therapist.js
FNF:0
FNH:0
DA:1,3
DA:3,3
DA:9,3
LF:3
LH:3
BRF:0
BRH:0
end_of_record
TN:
SF:models\User.js
FN:12,(anonymous_0)
FNF:1
FNH:1
FNDA:6,(anonymous_0)
DA:1,3
DA:3,3
DA:8,3
DA:12,6
DA:15,3
LF:5
LH:5
BRF:0
BRH:0
end_of_record
TN:
SF:models\validation.js
FN:5,(anonymous_0)
FN:32,(anonymous_1)
FN:33,(anonymous_2)
FN:34,(anonymous_3)
FN:35,(anonymous_4)
FNF:5
FNH:5
FNDA:3,(anonymous_0)
FNDA:12,(anonymous_1)
FNDA:6,(anonymous_2)
FNDA:11,(anonymous_3)
FNDA:6,(anonymous_4)
DA:1,4
DA:4,4
DA:5,3
DA:13,4
DA:19,4
DA:25,4
DA:31,4
DA:32,12
DA:33,6
DA:34,11
DA:35,6
LF:11
LH:11
BRF:0
BRH:0
end_of_record
TN:
SF:routes\authRoutes.js
FN:11,(anonymous_0)
FN:42,(anonymous_1)
FN:62,(anonymous_2)
FNF:3
FNH:3
FNDA:5,(anonymous_0)
FNDA:11,(anonymous_1)
FNDA:7,(anonymous_2)
DA:1,1
DA:2,1
DA:3,1
DA:4,1
DA:5,1
DA:6,1
DA:7,1
DA:11,1
DA:12,5
DA:14,5
DA:15,5
DA:16,1
DA:20,4
DA:23,3
DA:30,3
DA:31,1
DA:34,3
DA:35,1
DA:37,2
DA:42,1
DA:44,11
DA:45,11
DA:46,5
DA:48,6
DA:49,6
DA:50,6
DA:51,5
DA:52,2
DA:54,2
DA:55,1
DA:57,3
DA:62,1
DA:64,7
DA:65,7
DA:66,2
DA:68,5
DA:69,5
DA:70,5
DA:71,4
DA:72,1
DA:74,2
DA:75,1
DA:77,3
DA:81,1
LF:44
LH:44
BRDA:15,0,0,1
BRDA:15,0,1,4
BRDA:34,1,0,1
BRDA:34,1,1,2
BRDA:45,2,0,5
BRDA:45,2,1,6
BRDA:51,3,0,2
BRDA:51,3,1,2
BRDA:51,4,0,5
BRDA:51,4,1,4
BRDA:65,5,0,2
BRDA:65,5,1,5
BRDA:71,6,0,1
BRDA:71,6,1,2
BRDA:71,7,0,4
BRDA:71,7,1,3
BRF:16
BRH:16
end_of_record
TN:
SF:routes\dataRoutes.js
FN:9,(anonymous_0)
FN:37,(anonymous_1)
FN:52,(anonymous_2)
FN:63,(anonymous_3)
FN:71,(anonymous_4)
FN:75,(anonymous_5)
FN:79,(anonymous_6)
FNF:7
FNH:7
FNDA:3,(anonymous_0)
FNDA:3,(anonymous_1)
FNDA:2,(anonymous_2)
FNDA:3,(anonymous_3)
FNDA:3,(anonymous_4)
FNDA:1,(anonymous_5)
FNDA:3,(anonymous_6)
DA:1,1
DA:2,1
DA:3,1
DA:4,1
DA:5,1
DA:6,1
DA:9,1
DA:10,3
DA:11,3
DA:12,1
DA:15,2
DA:16,2
DA:18,2
DA:19,2
DA:28,2
DA:29,1
DA:31,1
DA:32,1
DA:37,1
DA:38,3
DA:39,3
DA:42,3
DA:44,2
DA:46,1
DA:47,1
DA:52,1
DA:53,2
DA:54,2
DA:55,2
DA:56,1
DA:58,1
DA:59,1
DA:63,1
DA:64,3
DA:67,3
DA:69,3
DA:71,3
DA:72,3
DA:75,3
DA:76,1
DA:79,3
DA:80,3
DA:81,3
DA:82,1
DA:84,2
DA:85,2
DA:90,1
LF:47
LH:47
BRDA:11,0,0,1
BRDA:11,0,1,2
BRF:2
BRH:2
end_of_record
TN:
SF:routes\therapistRoutes.js
FN:7,(anonymous_0)
FNF:1
FNH:1
FNDA:4,(anonymous_0)
DA:1,1
DA:2,1
DA:3,1
DA:4,1
DA:7,1
DA:8,4
DA:9,4
DA:10,3
DA:11,1
DA:13,2
DA:15,1
DA:19,1
LF:12
LH:12
BRDA:10,0,0,1
BRDA:10,0,1,2
BRF:2
BRH:2
end_of_record
TN:
SF:routes\userRoutes.js
FN:9,(anonymous_0)
FN:20,(anonymous_1)
FN:33,(anonymous_2)
FN:46,(anonymous_3)
FN:67,(anonymous_4)
FNF:5
FNH:5
FNDA:3,(anonymous_0)
FNDA:3,(anonymous_1)
FNDA:3,(anonymous_2)
FNDA:4,(anonymous_3)
FNDA:3,(anonymous_4)
DA:1,1
DA:2,1
DA:3,1
DA:4,1
DA:5,1
DA:6,1
DA:9,1
DA:10,3
DA:11,3
DA:12,3
DA:13,2
DA:15,1
DA:20,1
DA:21,3
DA:22,3
DA:23,2
DA:24,1
DA:26,1
DA:28,1
DA:33,1
DA:34,3
DA:35,3
DA:36,2
DA:37,1
DA:39,1
DA:41,1
DA:46,1
DA:47,4
DA:48,4
DA:49,1
DA:51,3
DA:52,3
DA:57,2
DA:58,1
DA:60,1
DA:62,1
DA:67,1
DA:68,3
DA:69,3
DA:70,3
DA:71,2
DA:72,2
DA:73,1
DA:75,2
DA:79,1
LF:45
LH:45
BRDA:23,0,0,1
BRDA:23,0,1,1
BRDA:36,1,0,1
BRDA:36,1,1,1
BRDA:48,2,0,1
BRDA:48,2,1,3
BRDA:57,3,0,1
BRDA:57,3,1,1
BRF:8
BRH:8
end_of_record
